<?xml version="1.0" encoding="UTF-8"?>
<!-- Generated by org.testng.reporters.JUnitReportReporter -->
<testsuite skipped="0" hostname="Yvonnes-MBP" name="ressuredTest.PutRequest" tests="1" failures="0" timestamp="07 Jun 2019 17:33:07 GMT" time="3.754" errors="0">
  <testcase name="testPut" time="3.754" classname="ressuredTest.PutRequest"/>
</testsuite> <!-- ressuredTest.PutRequest -->
