<?xml version="1.0" encoding="UTF-8"?>
<!-- Generated by org.testng.reporters.JUnitReportReporter -->
<testsuite skipped="0" hostname="Yvonnes-MBP" name="serialisationDeserialisation.StudenttAPITestWithSerialization" tests="2" failures="0" timestamp="18 Jun 2019 17:47:37 GMT" time="7.607" errors="0">
  <testcase name="createNewStudentSerilization" time="7.345" classname="serialisationDeserialisation.StudenttAPITestWithSerialization"/>
  <testcase name="getStudentRecordDeSerilization" time="0.262" classname="serialisationDeserialisation.StudenttAPITestWithSerialization"/>
</testsuite> <!-- serialisationDeserialisation.StudenttAPITestWithSerialization -->
