<?xml version="1.0" encoding="UTF-8"?>
<!-- Generated by org.testng.reporters.JUnitReportReporter -->
<testsuite skipped="0" hostname="Yvonnes-MBP" name="serialisationDeserialisation.StudentAPITestNoSerialization" tests="2" failures="0" timestamp="17 Jun 2019 21:05:49 GMT" time="5.382" errors="0">
  <testcase name="createNewStudent" time="4.926" classname="serialisationDeserialisation.StudentAPITestNoSerialization"/>
  <testcase name="getStudentDetails" time="0.456" classname="serialisationDeserialisation.StudentAPITestNoSerialization"/>
</testsuite> <!-- serialisationDeserialisation.StudentAPITestNoSerialization -->
