<?xml version="1.0" encoding="UTF-8"?>
<!-- Generated by org.testng.reporters.JUnitReportReporter -->
<testsuite skipped="0" hostname="Yvonnes-MacBook-Pro.local" name="ressuredTest.PostRequest" tests="1" failures="0" timestamp="06 Jun 2019 21:55:00 GMT" time="4.731" errors="0">
  <testcase name="testPost" time="4.731" classname="ressuredTest.PostRequest"/>
</testsuite> <!-- ressuredTest.PostRequest -->
