<?xml version="1.0" encoding="UTF-8"?>
<!-- Generated by org.testng.reporters.JUnitReportReporter -->
<testsuite skipped="0" hostname="Yvonnes-MBP" name="ressuredTest.BasicValidation_Json" tests="3" failures="0" timestamp="13 Jun 2019 21:28:29 GMT" time="3.921" errors="0">
  <testcase name="testStatusCode" time="2.691" classname="ressuredTest.BasicValidation_Json"/>
  <testcase name="testParametersAndHeaders" time="0.282" classname="ressuredTest.BasicValidation_Json"/>
  <testcase name="testMultipleContents" time="0.948" classname="ressuredTest.BasicValidation_Json"/>
</testsuite> <!-- ressuredTest.BasicValidation_Json -->
