<?xml version="1.0" encoding="UTF-8"?>
<!-- Generated by org.testng.reporters.JUnitReportReporter -->
<testsuite skipped="0" hostname="Yvonnes-MacBook-Pro.local" name="ressuredTest.BasicValidation_Xml" tests="5" failures="0" timestamp="15 Jun 2019 18:06:05 GMT" time="6.552" errors="0">
  <testcase name="testSingleContent" time="5.476" classname="ressuredTest.BasicValidation_Xml"/>
  <testcase name="testMultpleContent" time="0.241" classname="ressuredTest.BasicValidation_Xml"/>
  <testcase name="testMultpleContentInOneGo" time="0.177" classname="ressuredTest.BasicValidation_Xml"/>
  <testcase name="testUsingXPath1" time="0.519" classname="ressuredTest.BasicValidation_Xml"/>
  <testcase name="testUsingXPath2" time="0.139" classname="ressuredTest.BasicValidation_Xml"/>
</testsuite> <!-- ressuredTest.BasicValidation_Xml -->
