<?xml version="1.0" encoding="UTF-8"?>
<!-- Generated by org.testng.reporters.JUnitReportReporter -->
<testsuite skipped="0" hostname="Yvonnes-MacBook-Pro.local" name="ressuredTest.GetRequest" tests="1" failures="0" timestamp="06 Jun 2019 20:39:12 GMT" time="6.087" errors="0">
  <testcase name="getWeatherDetails" time="6.087" classname="ressuredTest.GetRequest"/>
</testsuite> <!-- ressuredTest.GetRequest -->
