<?xml version="1.0" encoding="UTF-8"?>
<!-- Generated by org.testng.reporters.JUnitReportReporter -->
<testsuite skipped="0" hostname="Yvonnes-MBP" name="ressuredTest.DeleteRequest" tests="1" failures="0" timestamp="07 Jun 2019 18:23:50 GMT" time="2.884" errors="0">
  <testcase name="deleteEmployeeRecord" time="2.884" classname="ressuredTest.DeleteRequest"/>
</testsuite> <!-- ressuredTest.DeleteRequest -->
